0 info it worked if it ends with ok
1 verbose cli [ '/home/steve/.nvm/v0.10.26/bin/node',
1 verbose cli   '/home/steve/.nvm/v0.10.26/bin/npm',
1 verbose cli   'publish' ]
2 info using npm@1.4.3
3 info using node@v0.10.26
4 verbose publish [ '.' ]
5 verbose cache add [ '.', null ]
6 verbose cache add name=undefined spec="." args=[".",null]
7 verbose parsed url { protocol: null,
7 verbose parsed url   slashes: null,
7 verbose parsed url   auth: null,
7 verbose parsed url   host: null,
7 verbose parsed url   port: null,
7 verbose parsed url   hostname: null,
7 verbose parsed url   hash: null,
7 verbose parsed url   search: null,
7 verbose parsed url   query: null,
7 verbose parsed url   pathname: '.',
7 verbose parsed url   path: '.',
7 verbose parsed url   href: '.' }
8 silly lockFile 3a52ce78- .
9 verbose lock . /home/steve/.npm/3a52ce78-.lock
10 verbose tar pack [ '/home/steve/tmp/npm-6670-JL7814OO/1394152041142-0.36570631619542837/tmp.tgz',
10 verbose tar pack   '.' ]
11 verbose tarball /home/steve/tmp/npm-6670-JL7814OO/1394152041142-0.36570631619542837/tmp.tgz
12 verbose folder .
13 info prepublish debugZ@0.0.3
14 silly lockFile 1f1177db-tar tar://.
15 verbose lock tar://. /home/steve/.npm/1f1177db-tar.lock
16 silly lockFile 90537a5b-1142-0-36570631619542837-tmp-tgz tar:///home/steve/tmp/npm-6670-JL7814OO/1394152041142-0.36570631619542837/tmp.tgz
17 verbose lock tar:///home/steve/tmp/npm-6670-JL7814OO/1394152041142-0.36570631619542837/tmp.tgz /home/steve/.npm/90537a5b-1142-0-36570631619542837-tmp-tgz.lock
18 silly lockFile 1f1177db-tar tar://.
19 silly lockFile 1f1177db-tar tar://.
20 silly lockFile 90537a5b-1142-0-36570631619542837-tmp-tgz tar:///home/steve/tmp/npm-6670-JL7814OO/1394152041142-0.36570631619542837/tmp.tgz
21 silly lockFile 90537a5b-1142-0-36570631619542837-tmp-tgz tar:///home/steve/tmp/npm-6670-JL7814OO/1394152041142-0.36570631619542837/tmp.tgz
22 verbose tar unpack /home/steve/tmp/npm-6670-JL7814OO/1394152041142-0.36570631619542837/tmp.tgz
23 silly lockFile f97abcf3-1142-0-36570631619542837-package tar:///home/steve/tmp/npm-6670-JL7814OO/1394152041142-0.36570631619542837/package
24 verbose lock tar:///home/steve/tmp/npm-6670-JL7814OO/1394152041142-0.36570631619542837/package /home/steve/.npm/f97abcf3-1142-0-36570631619542837-package.lock
25 silly lockFile 90537a5b-1142-0-36570631619542837-tmp-tgz tar:///home/steve/tmp/npm-6670-JL7814OO/1394152041142-0.36570631619542837/tmp.tgz
26 verbose lock tar:///home/steve/tmp/npm-6670-JL7814OO/1394152041142-0.36570631619542837/tmp.tgz /home/steve/.npm/90537a5b-1142-0-36570631619542837-tmp-tgz.lock
27 silly gunzTarPerm modes [ '755', '644' ]
28 silly gunzTarPerm extractEntry package.json
29 silly gunzTarPerm extractEntry .npmignore
30 silly gunzTarPerm extractEntry README.md
31 silly gunzTarPerm extractEntry Gruntfile.js
32 silly gunzTarPerm extractEntry index.js
33 silly gunzTarPerm extractEntry dist/debug2.browser.js
34 silly gunzTarPerm extractEntry dist/debug2.js
35 silly gunzTarPerm extractEntry dist/debug2.browser.js.map
36 silly gunzTarPerm extractEntry dist/debug2.js.map
37 silly gunzTarPerm extractEntry example/browser.html
38 silly gunzTarPerm extractEntry src/debug2.js
39 silly gunzTarPerm extractEntry src/utils.js
40 silly gunzTarPerm extractEntry test/debug2-test.js
41 silly lockFile f97abcf3-1142-0-36570631619542837-package tar:///home/steve/tmp/npm-6670-JL7814OO/1394152041142-0.36570631619542837/package
42 silly lockFile f97abcf3-1142-0-36570631619542837-package tar:///home/steve/tmp/npm-6670-JL7814OO/1394152041142-0.36570631619542837/package
43 silly lockFile 90537a5b-1142-0-36570631619542837-tmp-tgz tar:///home/steve/tmp/npm-6670-JL7814OO/1394152041142-0.36570631619542837/tmp.tgz
44 silly lockFile 90537a5b-1142-0-36570631619542837-tmp-tgz tar:///home/steve/tmp/npm-6670-JL7814OO/1394152041142-0.36570631619542837/tmp.tgz
45 verbose tar pack [ '/home/steve/.npm/debugZ/0.0.3/package.tgz',
45 verbose tar pack   '/home/steve/tmp/npm-6670-JL7814OO/1394152041142-0.36570631619542837/package' ]
46 verbose tarball /home/steve/.npm/debugZ/0.0.3/package.tgz
47 verbose folder /home/steve/tmp/npm-6670-JL7814OO/1394152041142-0.36570631619542837/package
48 silly lockFile f97abcf3-1142-0-36570631619542837-package tar:///home/steve/tmp/npm-6670-JL7814OO/1394152041142-0.36570631619542837/package
49 verbose lock tar:///home/steve/tmp/npm-6670-JL7814OO/1394152041142-0.36570631619542837/package /home/steve/.npm/f97abcf3-1142-0-36570631619542837-package.lock
50 silly lockFile ccf93653-eve-npm-debugZ-0-0-3-package-tgz tar:///home/steve/.npm/debugZ/0.0.3/package.tgz
51 verbose lock tar:///home/steve/.npm/debugZ/0.0.3/package.tgz /home/steve/.npm/ccf93653-eve-npm-debugZ-0-0-3-package-tgz.lock
52 silly lockFile f97abcf3-1142-0-36570631619542837-package tar:///home/steve/tmp/npm-6670-JL7814OO/1394152041142-0.36570631619542837/package
53 silly lockFile f97abcf3-1142-0-36570631619542837-package tar:///home/steve/tmp/npm-6670-JL7814OO/1394152041142-0.36570631619542837/package
54 silly lockFile ccf93653-eve-npm-debugZ-0-0-3-package-tgz tar:///home/steve/.npm/debugZ/0.0.3/package.tgz
55 silly lockFile ccf93653-eve-npm-debugZ-0-0-3-package-tgz tar:///home/steve/.npm/debugZ/0.0.3/package.tgz
56 silly lockFile 2b7e12a7-e-steve-npm-debugZ-0-0-3-package /home/steve/.npm/debugZ/0.0.3/package
57 verbose lock /home/steve/.npm/debugZ/0.0.3/package /home/steve/.npm/2b7e12a7-e-steve-npm-debugZ-0-0-3-package.lock
58 silly lockFile 2b7e12a7-e-steve-npm-debugZ-0-0-3-package /home/steve/.npm/debugZ/0.0.3/package
59 silly lockFile 2b7e12a7-e-steve-npm-debugZ-0-0-3-package /home/steve/.npm/debugZ/0.0.3/package
60 verbose tar unpack /home/steve/.npm/debugZ/0.0.3/package.tgz
61 silly lockFile 01115de9-e-steve-npm-debugZ-0-0-3-package tar:///home/steve/.npm/debugZ/0.0.3/package
62 verbose lock tar:///home/steve/.npm/debugZ/0.0.3/package /home/steve/.npm/01115de9-e-steve-npm-debugZ-0-0-3-package.lock
63 silly lockFile ccf93653-eve-npm-debugZ-0-0-3-package-tgz tar:///home/steve/.npm/debugZ/0.0.3/package.tgz
64 verbose lock tar:///home/steve/.npm/debugZ/0.0.3/package.tgz /home/steve/.npm/ccf93653-eve-npm-debugZ-0-0-3-package-tgz.lock
65 silly gunzTarPerm modes [ '755', '644' ]
66 silly gunzTarPerm extractEntry package.json
67 silly gunzTarPerm extractEntry .npmignore
68 silly gunzTarPerm extractEntry README.md
69 silly gunzTarPerm extractEntry Gruntfile.js
70 silly gunzTarPerm extractEntry index.js
71 silly gunzTarPerm extractEntry dist/debug2.browser.js
72 silly gunzTarPerm extractEntry dist/debug2.js
73 silly gunzTarPerm extractEntry dist/debug2.browser.js.map
74 silly gunzTarPerm extractEntry dist/debug2.js.map
75 silly gunzTarPerm extractEntry example/browser.html
76 silly gunzTarPerm extractEntry src/debug2.js
77 silly gunzTarPerm extractEntry src/utils.js
78 silly gunzTarPerm extractEntry test/debug2-test.js
79 silly lockFile 01115de9-e-steve-npm-debugZ-0-0-3-package tar:///home/steve/.npm/debugZ/0.0.3/package
80 silly lockFile 01115de9-e-steve-npm-debugZ-0-0-3-package tar:///home/steve/.npm/debugZ/0.0.3/package
81 silly lockFile ccf93653-eve-npm-debugZ-0-0-3-package-tgz tar:///home/steve/.npm/debugZ/0.0.3/package.tgz
82 silly lockFile ccf93653-eve-npm-debugZ-0-0-3-package-tgz tar:///home/steve/.npm/debugZ/0.0.3/package.tgz
83 verbose chmod /home/steve/.npm/debugZ/0.0.3/package.tgz 644
84 verbose chown /home/steve/.npm/debugZ/0.0.3/package.tgz [ 1000, 1000 ]
85 silly lockFile 3a52ce78- .
86 silly lockFile 3a52ce78- .
87 silly publish { name: 'debugZ',
87 silly publish   version: '0.0.3',
87 silly publish   description: 'system logs',
87 silly publish   main: 'index.js',
87 silly publish   scripts: { test: 'echo "Error: no test specified" && exit 1' },
87 silly publish   keywords: [ 'javascript', 'logs' ],
87 silly publish   author: { name: 'Le Hoang' },
87 silly publish   license: 'BSD-2-Clause',
87 silly publish   devDependencies:
87 silly publish    { grunt: '~0.4.2',
87 silly publish      'grunt-contrib-watch': '^0.5.3',
87 silly publish      'grunt-mocha-test': '^0.9.4',
87 silly publish      chai: '^1.9.0',
87 silly publish      'grunt-contrib-jshint': '^0.8.0',
87 silly publish      browserify: '^3.31.2',
87 silly publish      'grunt-browserify': '^1.3.1',
87 silly publish      'grunt-minified': '0.0.6',
87 silly publish      'cli-color': '^0.2.3',
87 silly publish      'grunt-release': '^0.7.0' },
87 silly publish   readme: 'Example:\n    \n    DEBUG2.allow(\'*\');\n    DEBUG2.deny(\'*\');\n    DEBUG2.allow(function(group){\n        return group === \'print\';\n    });\n    DEBUG2.deny(function(group){\n        return group === \'hidden\';\n    });\n\n    DEBUG2.format(\'{{time}} >> {{group}} >> {{message}}\');\n    DEBUG2.error(\'print\', \'message\');\n    DEBUG2.warn(\'print\', \'message\');\n    DEBUG2.info(\'print\', \'message\');\n    \nTODO:\n\n    \n',
87 silly publish   readmeFilename: 'README.md',
87 silly publish   _id: 'debugZ@0.0.3',
87 silly publish   dist: { shasum: '9618c92d2ab1954d49215bfdf8c266530ee675c4' },
87 silly publish   _from: '.' }
88 verbose url raw debugZ
89 verbose url resolving [ 'http://registry.npmjs.org/', './debugZ' ]
90 verbose url resolved http://registry.npmjs.org/debugZ
91 info trying registry request attempt 1 at 07:27:21
92 http PUT http://registry.npmjs.org/debugZ
93 http 403 http://registry.npmjs.org/debugZ
94 error publish Failed PUT 403
95 error Error: forbidden New packages must have all-lowercase names: debugZ
95 error     at RegClient.<anonymous> (/home/steve/.nvm/v0.10.26/lib/node_modules/npm/node_modules/npm-registry-client/lib/request.js:237:14)
95 error     at Request.self.callback (/home/steve/.nvm/v0.10.26/lib/node_modules/npm/node_modules/request/request.js:123:22)
95 error     at Request.EventEmitter.emit (events.js:98:17)
95 error     at Request.<anonymous> (/home/steve/.nvm/v0.10.26/lib/node_modules/npm/node_modules/request/request.js:893:14)
95 error     at Request.EventEmitter.emit (events.js:117:20)
95 error     at IncomingMessage.<anonymous> (/home/steve/.nvm/v0.10.26/lib/node_modules/npm/node_modules/request/request.js:844:12)
95 error     at IncomingMessage.EventEmitter.emit (events.js:117:20)
95 error     at _stream_readable.js:920:16
95 error     at process._tickCallback (node.js:415:13)
96 error If you need help, you may report this *entire* log,
96 error including the npm and node versions, at:
96 error     <http://github.com/npm/npm/issues>
97 error System Linux 3.5.0-47-generic
98 error command "/home/steve/.nvm/v0.10.26/bin/node" "/home/steve/.nvm/v0.10.26/bin/npm" "publish"
99 error cwd /var/www/js/my_project/packages/debug2
100 error node -v v0.10.26
101 error npm -v 1.4.3
102 verbose exit [ 1, true ]
